<?xml version="1.0" encoding="UTF-8"?>
<!-- Generated by org.testng.reporters.JUnitReportReporter -->
<testsuite skipped="0" hostname="user-PC" name="DataDrivenFramWork.ApplicationLgin" tests="1" failures="0" timestamp="08 Feb 2020 15:13:39 GMT" time="15.608" errors="0">
  <testcase name="loginpage" time="15.608" classname="DataDrivenFramWork.ApplicationLgin"/>
</testsuite> <!-- DataDrivenFramWork.ApplicationLgin -->
